{
  "/home/runner/work/holographic-purple-theme/holographic-purple-theme/src/config.ts": {
    "path": "/home/runner/work/holographic-purple-theme/holographic-purple-theme/src/config.ts",
    "all": false,
    "statementMap": {
      "0": {
        "start": { "line": 1, "column": 0 },
        "end": { "line": 1, "column": 24 }
      },
      "3": {
        "start": { "line": 4, "column": 0 },
        "end": { "line": 4, "column": 50 }
      },
      "4": {
        "start": { "line": 5, "column": 0 },
        "end": { "line": 5, "column": 43 }
      },
      "19": {
        "start": { "line": 20, "column": 0 },
        "end": { "line": 20, "column": 23 }
      },
      "24": {
        "start": { "line": 25, "column": 0 },
        "end": { "line": 25, "column": 21 }
      },
      "30": {
        "start": { "line": 31, "column": 0 },
        "end": { "line": 31, "column": 50 }
      },
      "37": {
        "start": { "line": 38, "column": 0 },
        "end": { "line": 38, "column": 11 }
      },
      "38": {
        "start": { "line": 39, "column": 0 },
        "end": { "line": 39, "column": 5 }
      },
      "39": {
        "start": { "line": 40, "column": 0 },
        "end": { "line": 40, "column": 39 }
      },
      "40": {
        "start": { "line": 41, "column": 0 },
        "end": { "line": 41, "column": 53 }
      },
      "41": {
        "start": { "line": 42, "column": 0 },
        "end": { "line": 42, "column": 28 }
      },
      "42": {
        "start": { "line": 43, "column": 0 },
        "end": { "line": 43, "column": 53 }
      },
      "43": {
        "start": { "line": 44, "column": 0 },
        "end": { "line": 44, "column": 6 }
      },
      "44": {
        "start": { "line": 45, "column": 0 },
        "end": { "line": 45, "column": 5 }
      },
      "45": {
        "start": { "line": 46, "column": 0 },
        "end": { "line": 46, "column": 45 }
      },
      "46": {
        "start": { "line": 47, "column": 0 },
        "end": { "line": 47, "column": 52 }
      },
      "47": {
        "start": { "line": 48, "column": 0 },
        "end": { "line": 48, "column": 29 }
      },
      "48": {
        "start": { "line": 49, "column": 0 },
        "end": { "line": 49, "column": 54 }
      },
      "49": {
        "start": { "line": 50, "column": 0 },
        "end": { "line": 50, "column": 6 }
      },
      "50": {
        "start": { "line": 51, "column": 0 },
        "end": { "line": 51, "column": 5 }
      },
      "51": {
        "start": { "line": 52, "column": 0 },
        "end": { "line": 52, "column": 46 }
      },
      "52": {
        "start": { "line": 53, "column": 0 },
        "end": { "line": 53, "column": 60 }
      },
      "53": {
        "start": { "line": 54, "column": 0 },
        "end": { "line": 54, "column": 28 }
      },
      "54": {
        "start": { "line": 55, "column": 0 },
        "end": { "line": 55, "column": 60 }
      },
      "55": {
        "start": { "line": 56, "column": 0 },
        "end": { "line": 56, "column": 6 }
      },
      "56": {
        "start": { "line": 57, "column": 0 },
        "end": { "line": 57, "column": 5 }
      },
      "57": {
        "start": { "line": 58, "column": 0 },
        "end": { "line": 58, "column": 52 }
      },
      "58": {
        "start": { "line": 59, "column": 0 },
        "end": { "line": 59, "column": 59 }
      },
      "59": {
        "start": { "line": 60, "column": 0 },
        "end": { "line": 60, "column": 29 }
      },
      "60": {
        "start": { "line": 61, "column": 0 },
        "end": { "line": 61, "column": 61 }
      },
      "61": {
        "start": { "line": 62, "column": 0 },
        "end": { "line": 62, "column": 6 }
      },
      "62": {
        "start": { "line": 63, "column": 0 },
        "end": { "line": 63, "column": 13 }
      },
      "63": {
        "start": { "line": 64, "column": 0 },
        "end": { "line": 64, "column": 11 }
      }
    },
    "s": {
      "0": 1,
      "3": 1,
      "4": 1,
      "19": 1,
      "24": 1,
      "30": 1,
      "37": 1,
      "38": 1,
      "39": 1,
      "40": 1,
      "41": 1,
      "42": 1,
      "43": 1,
      "44": 1,
      "45": 1,
      "46": 1,
      "47": 1,
      "48": 1,
      "49": 1,
      "50": 1,
      "51": 1,
      "52": 1,
      "53": 1,
      "54": 1,
      "55": 1,
      "56": 1,
      "57": 1,
      "58": 1,
      "59": 1,
      "60": 1,
      "61": 1,
      "62": 1,
      "63": 1
    },
    "branchMap": {},
    "b": {},
    "fnMap": {},
    "f": {}
  },
  "/home/runner/work/holographic-purple-theme/holographic-purple-theme/src/file-writer.ts": {
    "path": "/home/runner/work/holographic-purple-theme/holographic-purple-theme/src/file-writer.ts",
    "all": false,
    "statementMap": {
      "0": {
        "start": { "line": 1, "column": 0 },
        "end": { "line": 1, "column": 20 }
      },
      "15": {
        "start": { "line": 16, "column": 0 },
        "end": { "line": 16, "column": 62 }
      },
      "16": {
        "start": { "line": 17, "column": 0 },
        "end": { "line": 17, "column": 7 }
      },
      "17": {
        "start": { "line": 18, "column": 0 },
        "end": { "line": 18, "column": 34 }
      },
      "18": {
        "start": { "line": 19, "column": 0 },
        "end": { "line": 19, "column": 49 }
      },
      "19": {
        "start": { "line": 20, "column": 0 },
        "end": { "line": 20, "column": 51 }
      },
      "20": {
        "start": { "line": 21, "column": 0 },
        "end": { "line": 21, "column": 5 }
      },
      "21": {
        "start": { "line": 22, "column": 0 },
        "end": { "line": 22, "column": 19 }
      },
      "22": {
        "start": { "line": 23, "column": 0 },
        "end": { "line": 23, "column": 20 }
      },
      "23": {
        "start": { "line": 24, "column": 0 },
        "end": { "line": 24, "column": 48 }
      },
      "24": {
        "start": { "line": 25, "column": 0 },
        "end": { "line": 25, "column": 62 }
      },
      "25": {
        "start": { "line": 26, "column": 0 },
        "end": { "line": 26, "column": 8 }
      },
      "26": {
        "start": { "line": 27, "column": 0 },
        "end": { "line": 27, "column": 6 }
      },
      "27": {
        "start": { "line": 28, "column": 0 },
        "end": { "line": 28, "column": 3 }
      },
      "28": {
        "start": { "line": 29, "column": 0 },
        "end": { "line": 29, "column": 1 }
      },
      "48": {
        "start": { "line": 49, "column": 0 },
        "end": { "line": 49, "column": 31 }
      },
      "49": {
        "start": { "line": 50, "column": 0 },
        "end": { "line": 50, "column": 19 }
      },
      "50": {
        "start": { "line": 51, "column": 0 },
        "end": { "line": 51, "column": 20 }
      },
      "51": {
        "start": { "line": 52, "column": 0 },
        "end": { "line": 52, "column": 19 }
      },
      "52": {
        "start": { "line": 53, "column": 0 },
        "end": { "line": 53, "column": 9 }
      },
      "53": {
        "start": { "line": 54, "column": 0 },
        "end": { "line": 54, "column": 7 }
      },
      "54": {
        "start": { "line": 55, "column": 0 },
        "end": { "line": 55, "column": 55 }
      },
      "55": {
        "start": { "line": 56, "column": 0 },
        "end": { "line": 56, "column": 52 }
      },
      "58": {
        "start": { "line": 59, "column": 0 },
        "end": { "line": 59, "column": 35 }
      },
      "59": {
        "start": { "line": 60, "column": 0 },
        "end": { "line": 60, "column": 59 }
      },
      "60": {
        "start": { "line": 61, "column": 0 },
        "end": { "line": 61, "column": 5 }
      },
      "63": {
        "start": { "line": 64, "column": 0 },
        "end": { "line": 64, "column": 58 }
      },
      "64": {
        "start": { "line": 65, "column": 0 },
        "end": { "line": 65, "column": 28 }
      },
      "66": {
        "start": { "line": 67, "column": 0 },
        "end": { "line": 67, "column": 75 }
      },
      "67": {
        "start": { "line": 68, "column": 0 },
        "end": { "line": 68, "column": 19 }
      },
      "68": {
        "start": { "line": 69, "column": 0 },
        "end": { "line": 69, "column": 39 }
      },
      "69": {
        "start": { "line": 70, "column": 0 },
        "end": { "line": 70, "column": 22 }
      },
      "70": {
        "start": { "line": 71, "column": 0 },
        "end": { "line": 71, "column": 86 }
      },
      "71": {
        "start": { "line": 72, "column": 0 },
        "end": { "line": 72, "column": 8 }
      },
      "72": {
        "start": { "line": 73, "column": 0 },
        "end": { "line": 73, "column": 5 }
      },
      "73": {
        "start": { "line": 74, "column": 0 },
        "end": { "line": 74, "column": 20 }
      },
      "74": {
        "start": { "line": 75, "column": 0 },
        "end": { "line": 75, "column": 66 }
      },
      "75": {
        "start": { "line": 76, "column": 0 },
        "end": { "line": 76, "column": 62 }
      },
      "76": {
        "start": { "line": 77, "column": 0 },
        "end": { "line": 77, "column": 8 }
      },
      "77": {
        "start": { "line": 78, "column": 0 },
        "end": { "line": 78, "column": 6 }
      },
      "78": {
        "start": { "line": 79, "column": 0 },
        "end": { "line": 79, "column": 3 }
      },
      "79": {
        "start": { "line": 80, "column": 0 },
        "end": { "line": 80, "column": 1 }
      }
    },
    "s": {
      "0": 1,
      "15": 1,
      "16": 4,
      "17": 4,
      "18": 3,
      "19": 3,
      "20": 3,
      "21": 4,
      "22": 2,
      "23": 2,
      "24": 2,
      "25": 2,
      "26": 2,
      "27": 2,
      "28": 4,
      "48": 1,
      "49": 10,
      "50": 10,
      "51": 10,
      "52": 10,
      "53": 10,
      "54": 10,
      "55": 10,
      "58": 10,
      "59": 3,
      "60": 3,
      "63": 6,
      "64": 6,
      "66": 6,
      "67": 10,
      "68": 5,
      "69": 1,
      "70": 1,
      "71": 1,
      "72": 1,
      "73": 4,
      "74": 4,
      "75": 5,
      "76": 5,
      "77": 5,
      "78": 5,
      "79": 10
    },
    "branchMap": {
      "0": {
        "type": "branch",
        "line": 16,
        "loc": {
          "start": { "line": 16, "column": 7 },
          "end": { "line": 29, "column": 1 }
        },
        "locations": [
          {
            "start": { "line": 16, "column": 7 },
            "end": { "line": 29, "column": 1 }
          }
        ]
      },
      "1": {
        "type": "branch",
        "line": 18,
        "loc": {
          "start": { "line": 18, "column": 33 },
          "end": { "line": 21, "column": 5 }
        },
        "locations": [
          {
            "start": { "line": 18, "column": 33 },
            "end": { "line": 21, "column": 5 }
          }
        ]
      },
      "2": {
        "type": "branch",
        "line": 22,
        "loc": {
          "start": { "line": 22, "column": 2 },
          "end": { "line": 28, "column": 3 }
        },
        "locations": [
          {
            "start": { "line": 22, "column": 2 },
            "end": { "line": 28, "column": 3 }
          }
        ]
      },
      "3": {
        "type": "branch",
        "line": 25,
        "loc": {
          "start": { "line": 25, "column": 39 },
          "end": { "line": 25, "column": 62 }
        },
        "locations": [
          {
            "start": { "line": 25, "column": 39 },
            "end": { "line": 25, "column": 62 }
          }
        ]
      },
      "4": {
        "type": "branch",
        "line": 49,
        "loc": {
          "start": { "line": 49, "column": 7 },
          "end": { "line": 80, "column": 1 }
        },
        "locations": [
          {
            "start": { "line": 49, "column": 7 },
            "end": { "line": 80, "column": 1 }
          }
        ]
      },
      "5": {
        "type": "branch",
        "line": 59,
        "loc": {
          "start": { "line": 59, "column": 34 },
          "end": { "line": 61, "column": 5 }
        },
        "locations": [
          {
            "start": { "line": 59, "column": 34 },
            "end": { "line": 61, "column": 5 }
          }
        ]
      },
      "6": {
        "type": "branch",
        "line": 61,
        "loc": {
          "start": { "line": 61, "column": 4 },
          "end": { "line": 68, "column": 11 }
        },
        "locations": [
          {
            "start": { "line": 61, "column": 4 },
            "end": { "line": 68, "column": 11 }
          }
        ]
      },
      "7": {
        "type": "branch",
        "line": 68,
        "loc": {
          "start": { "line": 68, "column": 2 },
          "end": { "line": 79, "column": 3 }
        },
        "locations": [
          {
            "start": { "line": 68, "column": 2 },
            "end": { "line": 79, "column": 3 }
          }
        ]
      },
      "8": {
        "type": "branch",
        "line": 69,
        "loc": {
          "start": { "line": 69, "column": 38 },
          "end": { "line": 73, "column": 5 }
        },
        "locations": [
          {
            "start": { "line": 69, "column": 38 },
            "end": { "line": 73, "column": 5 }
          }
        ]
      },
      "9": {
        "type": "branch",
        "line": 73,
        "loc": {
          "start": { "line": 73, "column": 4 },
          "end": { "line": 76, "column": 49 }
        },
        "locations": [
          {
            "start": { "line": 73, "column": 4 },
            "end": { "line": 76, "column": 49 }
          }
        ]
      },
      "10": {
        "type": "branch",
        "line": 76,
        "loc": {
          "start": { "line": 76, "column": 39 },
          "end": { "line": 76, "column": 62 }
        },
        "locations": [
          {
            "start": { "line": 76, "column": 39 },
            "end": { "line": 76, "column": 62 }
          }
        ]
      }
    },
    "b": {
      "0": [4],
      "1": [3],
      "2": [2],
      "3": [0],
      "4": [10],
      "5": [3],
      "6": [6],
      "7": [5],
      "8": [1],
      "9": [4],
      "10": [0]
    },
    "fnMap": {
      "0": {
        "name": "ensureDirectoryExists",
        "decl": {
          "start": { "line": 16, "column": 7 },
          "end": { "line": 29, "column": 1 }
        },
        "loc": {
          "start": { "line": 16, "column": 7 },
          "end": { "line": 29, "column": 1 }
        },
        "line": 16
      },
      "1": {
        "name": "writeThemeFile",
        "decl": {
          "start": { "line": 49, "column": 7 },
          "end": { "line": 80, "column": 1 }
        },
        "loc": {
          "start": { "line": 49, "column": 7 },
          "end": { "line": 80, "column": 1 }
        },
        "line": 49
      }
    },
    "f": { "0": 4, "1": 10 }
  },
  "/home/runner/work/holographic-purple-theme/holographic-purple-theme/src/index.ts": {
    "path": "/home/runner/work/holographic-purple-theme/holographic-purple-theme/src/index.ts",
    "all": true,
    "statementMap": {
      "0": {
        "start": { "line": 1, "column": 0 },
        "end": { "line": 1, "column": 24 }
      },
      "1": {
        "start": { "line": 2, "column": 0 },
        "end": { "line": 2, "column": 37 }
      },
      "7": {
        "start": { "line": 8, "column": 0 },
        "end": { "line": 8, "column": 23 }
      },
      "8": {
        "start": { "line": 9, "column": 0 },
        "end": { "line": 9, "column": 53 }
      },
      "9": {
        "start": { "line": 10, "column": 0 },
        "end": { "line": 10, "column": 73 }
      },
      "14": {
        "start": { "line": 15, "column": 0 },
        "end": { "line": 15, "column": 25 }
      },
      "19": {
        "start": { "line": 20, "column": 0 },
        "end": { "line": 20, "column": 30 }
      },
      "20": {
        "start": { "line": 21, "column": 0 },
        "end": { "line": 21, "column": 7 }
      },
      "21": {
        "start": { "line": 22, "column": 0 },
        "end": { "line": 22, "column": 56 }
      },
      "24": {
        "start": { "line": 25, "column": 0 },
        "end": { "line": 25, "column": 48 }
      },
      "25": {
        "start": { "line": 26, "column": 0 },
        "end": { "line": 26, "column": 48 }
      },
      "26": {
        "start": { "line": 27, "column": 0 },
        "end": { "line": 27, "column": 50 }
      },
      "27": {
        "start": { "line": 28, "column": 0 },
        "end": { "line": 28, "column": 60 }
      },
      "28": {
        "start": { "line": 29, "column": 0 },
        "end": { "line": 29, "column": 62 }
      },
      "29": {
        "start": { "line": 30, "column": 0 },
        "end": { "line": 30, "column": 46 }
      },
      "32": {
        "start": { "line": 33, "column": 0 },
        "end": { "line": 33, "column": 59 }
      },
      "33": {
        "start": { "line": 34, "column": 0 },
        "end": { "line": 34, "column": 56 }
      },
      "34": {
        "start": { "line": 35, "column": 0 },
        "end": { "line": 35, "column": 58 }
      },
      "35": {
        "start": { "line": 36, "column": 0 },
        "end": { "line": 36, "column": 68 }
      },
      "36": {
        "start": { "line": 37, "column": 0 },
        "end": { "line": 37, "column": 70 }
      },
      "37": {
        "start": { "line": 38, "column": 0 },
        "end": { "line": 38, "column": 66 }
      },
      "40": {
        "start": { "line": 41, "column": 0 },
        "end": { "line": 41, "column": 44 }
      },
      "43": {
        "start": { "line": 44, "column": 0 },
        "end": { "line": 44, "column": 24 }
      },
      "44": {
        "start": { "line": 45, "column": 0 },
        "end": { "line": 45, "column": 24 }
      },
      "45": {
        "start": { "line": 46, "column": 0 },
        "end": { "line": 46, "column": 26 }
      },
      "46": {
        "start": { "line": 47, "column": 0 },
        "end": { "line": 47, "column": 39 }
      },
      "47": {
        "start": { "line": 48, "column": 0 },
        "end": { "line": 48, "column": 41 }
      },
      "48": {
        "start": { "line": 49, "column": 0 },
        "end": { "line": 49, "column": 6 }
      },
      "51": {
        "start": { "line": 52, "column": 0 },
        "end": { "line": 52, "column": 40 }
      },
      "52": {
        "start": { "line": 53, "column": 0 },
        "end": { "line": 53, "column": 64 }
      },
      "53": {
        "start": { "line": 54, "column": 0 },
        "end": { "line": 54, "column": 60 }
      },
      "54": {
        "start": { "line": 55, "column": 0 },
        "end": { "line": 55, "column": 37 }
      },
      "55": {
        "start": { "line": 56, "column": 0 },
        "end": { "line": 56, "column": 25 }
      },
      "56": {
        "start": { "line": 57, "column": 0 },
        "end": { "line": 57, "column": 26 }
      },
      "57": {
        "start": { "line": 58, "column": 0 },
        "end": { "line": 58, "column": 27 }
      },
      "58": {
        "start": { "line": 59, "column": 0 },
        "end": { "line": 59, "column": 72 }
      },
      "60": {
        "start": { "line": 61, "column": 0 },
        "end": { "line": 61, "column": 14 }
      },
      "61": {
        "start": { "line": 62, "column": 0 },
        "end": { "line": 62, "column": 74 }
      },
      "62": {
        "start": { "line": 63, "column": 0 },
        "end": { "line": 63, "column": 28 }
      },
      "63": {
        "start": { "line": 64, "column": 0 },
        "end": { "line": 64, "column": 8 }
      },
      "64": {
        "start": { "line": 65, "column": 0 },
        "end": { "line": 65, "column": 7 }
      },
      "65": {
        "start": { "line": 66, "column": 0 },
        "end": { "line": 66, "column": 44 }
      },
      "68": {
        "start": { "line": 69, "column": 0 },
        "end": { "line": 69, "column": 50 }
      },
      "69": {
        "start": { "line": 70, "column": 0 },
        "end": { "line": 70, "column": 65 }
      },
      "70": {
        "start": { "line": 71, "column": 0 },
        "end": { "line": 71, "column": 52 }
      },
      "71": {
        "start": { "line": 72, "column": 0 },
        "end": { "line": 72, "column": 7 }
      },
      "72": {
        "start": { "line": 73, "column": 0 },
        "end": { "line": 73, "column": 44 }
      },
      "75": {
        "start": { "line": 76, "column": 0 },
        "end": { "line": 76, "column": 42 }
      },
      "76": {
        "start": { "line": 77, "column": 0 },
        "end": { "line": 77, "column": 65 }
      },
      "77": {
        "start": { "line": 78, "column": 0 },
        "end": { "line": 78, "column": 73 }
      },
      "78": {
        "start": { "line": 79, "column": 0 },
        "end": { "line": 79, "column": 63 }
      },
      "79": {
        "start": { "line": 80, "column": 0 },
        "end": { "line": 80, "column": 7 }
      },
      "81": {
        "start": { "line": 82, "column": 0 },
        "end": { "line": 82, "column": 54 }
      },
      "82": {
        "start": { "line": 83, "column": 0 },
        "end": { "line": 83, "column": 58 }
      },
      "83": {
        "start": { "line": 84, "column": 0 },
        "end": { "line": 84, "column": 53 }
      },
      "84": {
        "start": { "line": 85, "column": 0 },
        "end": { "line": 85, "column": 7 }
      },
      "85": {
        "start": { "line": 86, "column": 0 },
        "end": { "line": 86, "column": 19 }
      },
      "86": {
        "start": { "line": 87, "column": 0 },
        "end": { "line": 87, "column": 48 }
      },
      "87": {
        "start": { "line": 88, "column": 0 },
        "end": { "line": 88, "column": 74 }
      },
      "88": {
        "start": { "line": 89, "column": 0 },
        "end": { "line": 89, "column": 48 }
      },
      "89": {
        "start": { "line": 90, "column": 0 },
        "end": { "line": 90, "column": 38 }
      },
      "90": {
        "start": { "line": 91, "column": 0 },
        "end": { "line": 91, "column": 33 }
      },
      "91": {
        "start": { "line": 92, "column": 0 },
        "end": { "line": 92, "column": 5 }
      },
      "92": {
        "start": { "line": 93, "column": 0 },
        "end": { "line": 93, "column": 20 }
      },
      "93": {
        "start": { "line": 94, "column": 0 },
        "end": { "line": 94, "column": 3 }
      },
      "94": {
        "start": { "line": 95, "column": 0 },
        "end": { "line": 95, "column": 1 }
      },
      "97": {
        "start": { "line": 98, "column": 0 },
        "end": { "line": 98, "column": 14 }
      }
    },
    "s": {
      "0": 0,
      "1": 0,
      "7": 0,
      "8": 0,
      "9": 0,
      "14": 0,
      "19": 0,
      "20": 0,
      "21": 0,
      "24": 0,
      "25": 0,
      "26": 0,
      "27": 0,
      "28": 0,
      "29": 0,
      "32": 0,
      "33": 0,
      "34": 0,
      "35": 0,
      "36": 0,
      "37": 0,
      "40": 0,
      "43": 0,
      "44": 0,
      "45": 0,
      "46": 0,
      "47": 0,
      "48": 0,
      "51": 0,
      "52": 0,
      "53": 0,
      "54": 0,
      "55": 0,
      "56": 0,
      "57": 0,
      "58": 0,
      "60": 0,
      "61": 0,
      "62": 0,
      "63": 0,
      "64": 0,
      "65": 0,
      "68": 0,
      "69": 0,
      "70": 0,
      "71": 0,
      "72": 0,
      "75": 0,
      "76": 0,
      "77": 0,
      "78": 0,
      "79": 0,
      "81": 0,
      "82": 0,
      "83": 0,
      "84": 0,
      "85": 0,
      "86": 0,
      "87": 0,
      "88": 0,
      "89": 0,
      "90": 0,
      "91": 0,
      "92": 0,
      "93": 0,
      "94": 0,
      "97": 0
    },
    "branchMap": {
      "0": {
        "type": "branch",
        "line": 1,
        "loc": {
          "start": { "line": 1, "column": 0 },
          "end": { "line": 98, "column": -600 }
        },
        "locations": [
          {
            "start": { "line": 1, "column": 0 },
            "end": { "line": 98, "column": -600 }
          }
        ]
      }
    },
    "b": { "0": [0] },
    "fnMap": {
      "0": {
        "name": "(empty-report)",
        "decl": {
          "start": { "line": 1, "column": 0 },
          "end": { "line": 98, "column": -600 }
        },
        "loc": {
          "start": { "line": 1, "column": 0 },
          "end": { "line": 98, "column": -600 }
        },
        "line": 1
      }
    },
    "f": { "0": 0 }
  },
  "/home/runner/work/holographic-purple-theme/holographic-purple-theme/src/palettes.ts": {
    "path": "/home/runner/work/holographic-purple-theme/holographic-purple-theme/src/palettes.ts",
    "all": false,
    "statementMap": {
      "34": {
        "start": { "line": 35, "column": 0 },
        "end": { "line": 35, "column": 42 }
      },
      "35": {
        "start": { "line": 36, "column": 0 },
        "end": { "line": 36, "column": 31 }
      },
      "36": {
        "start": { "line": 37, "column": 0 },
        "end": { "line": 37, "column": 33 }
      },
      "37": {
        "start": { "line": 38, "column": 0 },
        "end": { "line": 38, "column": 32 }
      },
      "38": {
        "start": { "line": 39, "column": 0 },
        "end": { "line": 39, "column": 20 }
      },
      "40": {
        "start": { "line": 41, "column": 0 },
        "end": { "line": 41, "column": 25 }
      },
      "41": {
        "start": { "line": 42, "column": 0 },
        "end": { "line": 42, "column": 27 }
      },
      "42": {
        "start": { "line": 43, "column": 0 },
        "end": { "line": 43, "column": 26 }
      },
      "44": {
        "start": { "line": 45, "column": 0 },
        "end": { "line": 45, "column": 21 }
      },
      "45": {
        "start": { "line": 46, "column": 0 },
        "end": { "line": 46, "column": 21 }
      },
      "46": {
        "start": { "line": 47, "column": 0 },
        "end": { "line": 47, "column": 21 }
      },
      "48": {
        "start": { "line": 49, "column": 0 },
        "end": { "line": 49, "column": 22 }
      },
      "49": {
        "start": { "line": 50, "column": 0 },
        "end": { "line": 50, "column": 25 }
      },
      "50": {
        "start": { "line": 51, "column": 0 },
        "end": { "line": 51, "column": 24 }
      },
      "51": {
        "start": { "line": 52, "column": 0 },
        "end": { "line": 52, "column": 19 }
      },
      "52": {
        "start": { "line": 53, "column": 0 },
        "end": { "line": 53, "column": 21 }
      },
      "53": {
        "start": { "line": 54, "column": 0 },
        "end": { "line": 54, "column": 2 }
      },
      "65": {
        "start": { "line": 66, "column": 0 },
        "end": { "line": 66, "column": 43 }
      },
      "66": {
        "start": { "line": 67, "column": 0 },
        "end": { "line": 67, "column": 31 }
      },
      "67": {
        "start": { "line": 68, "column": 0 },
        "end": { "line": 68, "column": 33 }
      },
      "68": {
        "start": { "line": 69, "column": 0 },
        "end": { "line": 69, "column": 32 }
      },
      "69": {
        "start": { "line": 70, "column": 0 },
        "end": { "line": 70, "column": 20 }
      },
      "71": {
        "start": { "line": 72, "column": 0 },
        "end": { "line": 72, "column": 25 }
      },
      "72": {
        "start": { "line": 73, "column": 0 },
        "end": { "line": 73, "column": 27 }
      },
      "73": {
        "start": { "line": 74, "column": 0 },
        "end": { "line": 74, "column": 26 }
      },
      "75": {
        "start": { "line": 76, "column": 0 },
        "end": { "line": 76, "column": 21 }
      },
      "76": {
        "start": { "line": 77, "column": 0 },
        "end": { "line": 77, "column": 21 }
      },
      "77": {
        "start": { "line": 78, "column": 0 },
        "end": { "line": 78, "column": 21 }
      },
      "79": {
        "start": { "line": 80, "column": 0 },
        "end": { "line": 80, "column": 22 }
      },
      "80": {
        "start": { "line": 81, "column": 0 },
        "end": { "line": 81, "column": 25 }
      },
      "81": {
        "start": { "line": 82, "column": 0 },
        "end": { "line": 82, "column": 24 }
      },
      "82": {
        "start": { "line": 83, "column": 0 },
        "end": { "line": 83, "column": 19 }
      },
      "83": {
        "start": { "line": 84, "column": 0 },
        "end": { "line": 84, "column": 21 }
      },
      "84": {
        "start": { "line": 85, "column": 0 },
        "end": { "line": 85, "column": 2 }
      },
      "93": {
        "start": { "line": 94, "column": 0 },
        "end": { "line": 94, "column": 48 }
      },
      "94": {
        "start": { "line": 95, "column": 0 },
        "end": { "line": 95, "column": 31 }
      },
      "95": {
        "start": { "line": 96, "column": 0 },
        "end": { "line": 96, "column": 33 }
      },
      "96": {
        "start": { "line": 97, "column": 0 },
        "end": { "line": 97, "column": 32 }
      },
      "97": {
        "start": { "line": 98, "column": 0 },
        "end": { "line": 98, "column": 20 }
      },
      "98": {
        "start": { "line": 99, "column": 0 },
        "end": { "line": 99, "column": 25 }
      },
      "99": {
        "start": { "line": 100, "column": 0 },
        "end": { "line": 100, "column": 27 }
      },
      "100": {
        "start": { "line": 101, "column": 0 },
        "end": { "line": 101, "column": 26 }
      },
      "101": {
        "start": { "line": 102, "column": 0 },
        "end": { "line": 102, "column": 21 }
      },
      "102": {
        "start": { "line": 103, "column": 0 },
        "end": { "line": 103, "column": 21 }
      },
      "103": {
        "start": { "line": 104, "column": 0 },
        "end": { "line": 104, "column": 21 }
      },
      "104": {
        "start": { "line": 105, "column": 0 },
        "end": { "line": 105, "column": 22 }
      },
      "105": {
        "start": { "line": 106, "column": 0 },
        "end": { "line": 106, "column": 25 }
      },
      "106": {
        "start": { "line": 107, "column": 0 },
        "end": { "line": 107, "column": 24 }
      },
      "107": {
        "start": { "line": 108, "column": 0 },
        "end": { "line": 108, "column": 19 }
      },
      "108": {
        "start": { "line": 109, "column": 0 },
        "end": { "line": 109, "column": 21 }
      },
      "109": {
        "start": { "line": 110, "column": 0 },
        "end": { "line": 110, "column": 2 }
      },
      "118": {
        "start": { "line": 119, "column": 0 },
        "end": { "line": 119, "column": 49 }
      },
      "119": {
        "start": { "line": 120, "column": 0 },
        "end": { "line": 120, "column": 31 }
      },
      "120": {
        "start": { "line": 121, "column": 0 },
        "end": { "line": 121, "column": 33 }
      },
      "121": {
        "start": { "line": 122, "column": 0 },
        "end": { "line": 122, "column": 32 }
      },
      "122": {
        "start": { "line": 123, "column": 0 },
        "end": { "line": 123, "column": 20 }
      },
      "123": {
        "start": { "line": 124, "column": 0 },
        "end": { "line": 124, "column": 25 }
      },
      "124": {
        "start": { "line": 125, "column": 0 },
        "end": { "line": 125, "column": 27 }
      },
      "125": {
        "start": { "line": 126, "column": 0 },
        "end": { "line": 126, "column": 26 }
      },
      "126": {
        "start": { "line": 127, "column": 0 },
        "end": { "line": 127, "column": 21 }
      },
      "127": {
        "start": { "line": 128, "column": 0 },
        "end": { "line": 128, "column": 21 }
      },
      "128": {
        "start": { "line": 129, "column": 0 },
        "end": { "line": 129, "column": 21 }
      },
      "129": {
        "start": { "line": 130, "column": 0 },
        "end": { "line": 130, "column": 22 }
      },
      "130": {
        "start": { "line": 131, "column": 0 },
        "end": { "line": 131, "column": 25 }
      },
      "131": {
        "start": { "line": 132, "column": 0 },
        "end": { "line": 132, "column": 24 }
      },
      "132": {
        "start": { "line": 133, "column": 0 },
        "end": { "line": 133, "column": 19 }
      },
      "133": {
        "start": { "line": 134, "column": 0 },
        "end": { "line": 134, "column": 21 }
      },
      "134": {
        "start": { "line": 135, "column": 0 },
        "end": { "line": 135, "column": 2 }
      }
    },
    "s": {
      "34": 1,
      "35": 1,
      "36": 1,
      "37": 1,
      "38": 1,
      "40": 1,
      "41": 1,
      "42": 1,
      "44": 1,
      "45": 1,
      "46": 1,
      "48": 1,
      "49": 1,
      "50": 1,
      "51": 1,
      "52": 1,
      "53": 1,
      "65": 1,
      "66": 1,
      "67": 1,
      "68": 1,
      "69": 1,
      "71": 1,
      "72": 1,
      "73": 1,
      "75": 1,
      "76": 1,
      "77": 1,
      "79": 1,
      "80": 1,
      "81": 1,
      "82": 1,
      "83": 1,
      "84": 1,
      "93": 1,
      "94": 1,
      "95": 1,
      "96": 1,
      "97": 1,
      "98": 1,
      "99": 1,
      "100": 1,
      "101": 1,
      "102": 1,
      "103": 1,
      "104": 1,
      "105": 1,
      "106": 1,
      "107": 1,
      "108": 1,
      "109": 1,
      "118": 1,
      "119": 1,
      "120": 1,
      "121": 1,
      "122": 1,
      "123": 1,
      "124": 1,
      "125": 1,
      "126": 1,
      "127": 1,
      "128": 1,
      "129": 1,
      "130": 1,
      "131": 1,
      "132": 1,
      "133": 1,
      "134": 1
    },
    "branchMap": {},
    "b": {},
    "fnMap": {},
    "f": {}
  },
  "/home/runner/work/holographic-purple-theme/holographic-purple-theme/src/theme-generator.ts": {
    "path": "/home/runner/work/holographic-purple-theme/holographic-purple-theme/src/theme-generator.ts",
    "all": false,
    "statementMap": {
      "26": {
        "start": { "line": 27, "column": 0 },
        "end": { "line": 27, "column": 30 }
      },
      "27": {
        "start": { "line": 28, "column": 0 },
        "end": { "line": 28, "column": 15 }
      },
      "28": {
        "start": { "line": 29, "column": 0 },
        "end": { "line": 29, "column": 25 }
      },
      "29": {
        "start": { "line": 30, "column": 0 },
        "end": { "line": 30, "column": 23 }
      },
      "30": {
        "start": { "line": 31, "column": 0 },
        "end": { "line": 31, "column": 15 }
      },
      "31": {
        "start": { "line": 32, "column": 0 },
        "end": { "line": 32, "column": 67 }
      },
      "33": {
        "start": { "line": 34, "column": 0 },
        "end": { "line": 34, "column": 29 }
      },
      "34": {
        "start": { "line": 35, "column": 0 },
        "end": { "line": 35, "column": 15 }
      },
      "35": {
        "start": { "line": 36, "column": 0 },
        "end": { "line": 36, "column": 15 }
      },
      "36": {
        "start": { "line": 37, "column": 0 },
        "end": { "line": 37, "column": 13 }
      },
      "38": {
        "start": { "line": 39, "column": 0 },
        "end": { "line": 39, "column": 35 }
      },
      "39": {
        "start": { "line": 40, "column": 0 },
        "end": { "line": 40, "column": 38 }
      },
      "40": {
        "start": { "line": 41, "column": 0 },
        "end": { "line": 41, "column": 60 }
      },
      "41": {
        "start": { "line": 42, "column": 0 },
        "end": { "line": 42, "column": 48 }
      },
      "42": {
        "start": { "line": 43, "column": 0 },
        "end": { "line": 43, "column": 61 }
      },
      "43": {
        "start": { "line": 44, "column": 0 },
        "end": { "line": 44, "column": 56 }
      },
      "44": {
        "start": { "line": 45, "column": 0 },
        "end": { "line": 45, "column": 48 }
      },
      "45": {
        "start": { "line": 46, "column": 0 },
        "end": { "line": 46, "column": 39 }
      },
      "46": {
        "start": { "line": 47, "column": 0 },
        "end": { "line": 47, "column": 69 }
      },
      "47": {
        "start": { "line": 48, "column": 0 },
        "end": { "line": 48, "column": 52 }
      },
      "48": {
        "start": { "line": 49, "column": 0 },
        "end": { "line": 49, "column": 53 }
      },
      "49": {
        "start": { "line": 50, "column": 0 },
        "end": { "line": 50, "column": 47 }
      },
      "50": {
        "start": { "line": 51, "column": 0 },
        "end": { "line": 51, "column": 58 }
      },
      "51": {
        "start": { "line": 52, "column": 0 },
        "end": { "line": 52, "column": 59 }
      },
      "52": {
        "start": { "line": 53, "column": 0 },
        "end": { "line": 53, "column": 49 }
      },
      "53": {
        "start": { "line": 54, "column": 0 },
        "end": { "line": 54, "column": 61 }
      },
      "54": {
        "start": { "line": 55, "column": 0 },
        "end": { "line": 55, "column": 57 }
      },
      "55": {
        "start": { "line": 56, "column": 0 },
        "end": { "line": 56, "column": 63 }
      },
      "56": {
        "start": { "line": 57, "column": 0 },
        "end": { "line": 57, "column": 58 }
      },
      "57": {
        "start": { "line": 58, "column": 0 },
        "end": { "line": 58, "column": 40 }
      },
      "60": {
        "start": { "line": 61, "column": 0 },
        "end": { "line": 61, "column": 46 }
      },
      "61": {
        "start": { "line": 62, "column": 0 },
        "end": { "line": 62, "column": 47 }
      },
      "62": {
        "start": { "line": 63, "column": 0 },
        "end": { "line": 63, "column": 42 }
      },
      "63": {
        "start": { "line": 64, "column": 0 },
        "end": { "line": 64, "column": 55 }
      },
      "64": {
        "start": { "line": 65, "column": 0 },
        "end": { "line": 65, "column": 56 }
      },
      "65": {
        "start": { "line": 66, "column": 0 },
        "end": { "line": 66, "column": 66 }
      },
      "66": {
        "start": { "line": 67, "column": 0 },
        "end": { "line": 67, "column": 60 }
      },
      "69": {
        "start": { "line": 70, "column": 0 },
        "end": { "line": 70, "column": 57 }
      },
      "70": {
        "start": { "line": 71, "column": 0 },
        "end": { "line": 71, "column": 56 }
      },
      "71": {
        "start": { "line": 72, "column": 0 },
        "end": { "line": 72, "column": 57 }
      },
      "72": {
        "start": { "line": 73, "column": 0 },
        "end": { "line": 73, "column": 51 }
      },
      "73": {
        "start": { "line": 74, "column": 0 },
        "end": { "line": 74, "column": 47 }
      },
      "74": {
        "start": { "line": 75, "column": 0 },
        "end": { "line": 75, "column": 70 }
      },
      "75": {
        "start": { "line": 76, "column": 0 },
        "end": { "line": 76, "column": 62 }
      },
      "78": {
        "start": { "line": 79, "column": 0 },
        "end": { "line": 79, "column": 68 }
      },
      "79": {
        "start": { "line": 80, "column": 0 },
        "end": { "line": 80, "column": 53 }
      },
      "80": {
        "start": { "line": 81, "column": 0 },
        "end": { "line": 81, "column": 46 }
      },
      "81": {
        "start": { "line": 82, "column": 0 },
        "end": { "line": 82, "column": 58 }
      },
      "82": {
        "start": { "line": 83, "column": 0 },
        "end": { "line": 83, "column": 54 }
      },
      "83": {
        "start": { "line": 84, "column": 0 },
        "end": { "line": 84, "column": 58 }
      },
      "84": {
        "start": { "line": 85, "column": 0 },
        "end": { "line": 85, "column": 50 }
      },
      "85": {
        "start": { "line": 86, "column": 0 },
        "end": { "line": 86, "column": 45 }
      },
      "86": {
        "start": { "line": 87, "column": 0 },
        "end": { "line": 87, "column": 57 }
      },
      "89": {
        "start": { "line": 90, "column": 0 },
        "end": { "line": 90, "column": 54 }
      },
      "90": {
        "start": { "line": 91, "column": 0 },
        "end": { "line": 91, "column": 46 }
      },
      "91": {
        "start": { "line": 92, "column": 0 },
        "end": { "line": 92, "column": 38 }
      },
      "92": {
        "start": { "line": 93, "column": 0 },
        "end": { "line": 93, "column": 58 }
      },
      "93": {
        "start": { "line": 94, "column": 0 },
        "end": { "line": 94, "column": 57 }
      },
      "94": {
        "start": { "line": 95, "column": 0 },
        "end": { "line": 95, "column": 51 }
      },
      "95": {
        "start": { "line": 96, "column": 0 },
        "end": { "line": 96, "column": 56 }
      },
      "96": {
        "start": { "line": 97, "column": 0 },
        "end": { "line": 97, "column": 57 }
      },
      "97": {
        "start": { "line": 98, "column": 0 },
        "end": { "line": 98, "column": 68 }
      },
      "98": {
        "start": { "line": 99, "column": 0 },
        "end": { "line": 99, "column": 60 }
      },
      "99": {
        "start": { "line": 100, "column": 0 },
        "end": { "line": 100, "column": 52 }
      },
      "100": {
        "start": { "line": 101, "column": 0 },
        "end": { "line": 101, "column": 75 }
      },
      "101": {
        "start": { "line": 102, "column": 0 },
        "end": { "line": 102, "column": 43 }
      },
      "102": {
        "start": { "line": 103, "column": 0 },
        "end": { "line": 103, "column": 44 }
      },
      "103": {
        "start": { "line": 104, "column": 0 },
        "end": { "line": 104, "column": 48 }
      },
      "106": {
        "start": { "line": 107, "column": 0 },
        "end": { "line": 107, "column": 55 }
      },
      "107": {
        "start": { "line": 108, "column": 0 },
        "end": { "line": 108, "column": 49 }
      },
      "108": {
        "start": { "line": 109, "column": 0 },
        "end": { "line": 109, "column": 54 }
      },
      "109": {
        "start": { "line": 110, "column": 0 },
        "end": { "line": 110, "column": 51 }
      },
      "110": {
        "start": { "line": 111, "column": 0 },
        "end": { "line": 111, "column": 40 }
      },
      "111": {
        "start": { "line": 112, "column": 0 },
        "end": { "line": 112, "column": 56 }
      },
      "112": {
        "start": { "line": 113, "column": 0 },
        "end": { "line": 113, "column": 40 }
      },
      "113": {
        "start": { "line": 114, "column": 0 },
        "end": { "line": 114, "column": 45 }
      },
      "114": {
        "start": { "line": 115, "column": 0 },
        "end": { "line": 115, "column": 45 }
      },
      "115": {
        "start": { "line": 116, "column": 0 },
        "end": { "line": 116, "column": 76 }
      },
      "116": {
        "start": { "line": 117, "column": 0 },
        "end": { "line": 117, "column": 46 }
      },
      "117": {
        "start": { "line": 118, "column": 0 },
        "end": { "line": 118, "column": 43 }
      },
      "118": {
        "start": { "line": 119, "column": 0 },
        "end": { "line": 119, "column": 48 }
      },
      "119": {
        "start": { "line": 120, "column": 0 },
        "end": { "line": 120, "column": 55 }
      },
      "120": {
        "start": { "line": 121, "column": 0 },
        "end": { "line": 121, "column": 46 }
      },
      "121": {
        "start": { "line": 122, "column": 0 },
        "end": { "line": 122, "column": 51 }
      },
      "122": {
        "start": { "line": 123, "column": 0 },
        "end": { "line": 123, "column": 51 }
      },
      "123": {
        "start": { "line": 124, "column": 0 },
        "end": { "line": 124, "column": 95 }
      },
      "124": {
        "start": { "line": 125, "column": 0 },
        "end": { "line": 125, "column": 52 }
      },
      "125": {
        "start": { "line": 126, "column": 0 },
        "end": { "line": 126, "column": 49 }
      },
      "126": {
        "start": { "line": 127, "column": 0 },
        "end": { "line": 127, "column": 91 }
      },
      "129": {
        "start": { "line": 130, "column": 0 },
        "end": { "line": 130, "column": 66 }
      },
      "130": {
        "start": { "line": 131, "column": 0 },
        "end": { "line": 131, "column": 58 }
      },
      "131": {
        "start": { "line": 132, "column": 0 },
        "end": { "line": 132, "column": 50 }
      },
      "132": {
        "start": { "line": 133, "column": 0 },
        "end": { "line": 133, "column": 73 }
      },
      "133": {
        "start": { "line": 134, "column": 0 },
        "end": { "line": 134, "column": 46 }
      },
      "134": {
        "start": { "line": 135, "column": 0 },
        "end": { "line": 135, "column": 50 }
      },
      "135": {
        "start": { "line": 136, "column": 0 },
        "end": { "line": 136, "column": 47 }
      },
      "136": {
        "start": { "line": 137, "column": 0 },
        "end": { "line": 137, "column": 61 }
      },
      "137": {
        "start": { "line": 138, "column": 0 },
        "end": { "line": 138, "column": 53 }
      },
      "138": {
        "start": { "line": 139, "column": 0 },
        "end": { "line": 139, "column": 45 }
      },
      "139": {
        "start": { "line": 140, "column": 0 },
        "end": { "line": 140, "column": 51 }
      },
      "142": {
        "start": { "line": 143, "column": 0 },
        "end": { "line": 143, "column": 59 }
      },
      "143": {
        "start": { "line": 144, "column": 0 },
        "end": { "line": 144, "column": 61 }
      },
      "144": {
        "start": { "line": 145, "column": 0 },
        "end": { "line": 145, "column": 55 }
      },
      "145": {
        "start": { "line": 146, "column": 0 },
        "end": { "line": 146, "column": 59 }
      },
      "146": {
        "start": { "line": 147, "column": 0 },
        "end": { "line": 147, "column": 66 }
      },
      "147": {
        "start": { "line": 148, "column": 0 },
        "end": { "line": 148, "column": 60 }
      },
      "148": {
        "start": { "line": 149, "column": 0 },
        "end": { "line": 149, "column": 70 }
      },
      "149": {
        "start": { "line": 150, "column": 0 },
        "end": { "line": 150, "column": 68 }
      },
      "150": {
        "start": { "line": 151, "column": 0 },
        "end": { "line": 151, "column": 68 }
      },
      "151": {
        "start": { "line": 152, "column": 0 },
        "end": { "line": 152, "column": 69 }
      },
      "152": {
        "start": { "line": 153, "column": 0 },
        "end": { "line": 153, "column": 70 }
      },
      "155": {
        "start": { "line": 156, "column": 0 },
        "end": { "line": 156, "column": 54 }
      },
      "156": {
        "start": { "line": 157, "column": 0 },
        "end": { "line": 157, "column": 52 }
      },
      "157": {
        "start": { "line": 158, "column": 0 },
        "end": { "line": 158, "column": 46 }
      },
      "158": {
        "start": { "line": 159, "column": 0 },
        "end": { "line": 159, "column": 50 }
      },
      "159": {
        "start": { "line": 160, "column": 0 },
        "end": { "line": 160, "column": 52 }
      },
      "162": {
        "start": { "line": 163, "column": 0 },
        "end": { "line": 163, "column": 64 }
      },
      "163": {
        "start": { "line": 164, "column": 0 },
        "end": { "line": 164, "column": 69 }
      },
      "164": {
        "start": { "line": 165, "column": 0 },
        "end": { "line": 165, "column": 70 }
      },
      "167": {
        "start": { "line": 168, "column": 0 },
        "end": { "line": 168, "column": 41 }
      },
      "168": {
        "start": { "line": 169, "column": 0 },
        "end": { "line": 169, "column": 63 }
      },
      "169": {
        "start": { "line": 170, "column": 0 },
        "end": { "line": 170, "column": 61 }
      },
      "170": {
        "start": { "line": 171, "column": 0 },
        "end": { "line": 171, "column": 62 }
      },
      "173": {
        "start": { "line": 174, "column": 0 },
        "end": { "line": 174, "column": 54 }
      },
      "174": {
        "start": { "line": 175, "column": 0 },
        "end": { "line": 175, "column": 37 }
      },
      "175": {
        "start": { "line": 176, "column": 0 },
        "end": { "line": 176, "column": 53 }
      },
      "176": {
        "start": { "line": 177, "column": 0 },
        "end": { "line": 177, "column": 61 }
      },
      "179": {
        "start": { "line": 180, "column": 0 },
        "end": { "line": 180, "column": 62 }
      },
      "180": {
        "start": { "line": 181, "column": 0 },
        "end": { "line": 181, "column": 45 }
      },
      "181": {
        "start": { "line": 182, "column": 0 },
        "end": { "line": 182, "column": 54 }
      },
      "184": {
        "start": { "line": 185, "column": 0 },
        "end": { "line": 185, "column": 53 }
      },
      "185": {
        "start": { "line": 186, "column": 0 },
        "end": { "line": 186, "column": 45 }
      },
      "186": {
        "start": { "line": 187, "column": 0 },
        "end": { "line": 187, "column": 61 }
      },
      "189": {
        "start": { "line": 190, "column": 0 },
        "end": { "line": 190, "column": 67 }
      },
      "190": {
        "start": { "line": 191, "column": 0 },
        "end": { "line": 191, "column": 68 }
      },
      "191": {
        "start": { "line": 192, "column": 0 },
        "end": { "line": 192, "column": 67 }
      },
      "192": {
        "start": { "line": 193, "column": 0 },
        "end": { "line": 193, "column": 68 }
      },
      "195": {
        "start": { "line": 196, "column": 0 },
        "end": { "line": 196, "column": 59 }
      },
      "196": {
        "start": { "line": 197, "column": 0 },
        "end": { "line": 197, "column": 48 }
      },
      "197": {
        "start": { "line": 198, "column": 0 },
        "end": { "line": 198, "column": 68 }
      },
      "198": {
        "start": { "line": 199, "column": 0 },
        "end": { "line": 199, "column": 59 }
      },
      "199": {
        "start": { "line": 200, "column": 0 },
        "end": { "line": 200, "column": 67 }
      },
      "200": {
        "start": { "line": 201, "column": 0 },
        "end": { "line": 201, "column": 66 }
      },
      "201": {
        "start": { "line": 202, "column": 0 },
        "end": { "line": 202, "column": 51 }
      },
      "204": {
        "start": { "line": 205, "column": 0 },
        "end": { "line": 205, "column": 73 }
      },
      "205": {
        "start": { "line": 206, "column": 0 },
        "end": { "line": 206, "column": 73 }
      },
      "206": {
        "start": { "line": 207, "column": 0 },
        "end": { "line": 207, "column": 73 }
      },
      "207": {
        "start": { "line": 208, "column": 0 },
        "end": { "line": 208, "column": 72 }
      },
      "208": {
        "start": { "line": 209, "column": 0 },
        "end": { "line": 209, "column": 72 }
      },
      "209": {
        "start": { "line": 210, "column": 0 },
        "end": { "line": 210, "column": 72 }
      },
      "210": {
        "start": { "line": 211, "column": 0 },
        "end": { "line": 211, "column": 60 }
      },
      "211": {
        "start": { "line": 212, "column": 0 },
        "end": { "line": 212, "column": 60 }
      },
      "212": {
        "start": { "line": 213, "column": 0 },
        "end": { "line": 213, "column": 60 }
      },
      "215": {
        "start": { "line": 216, "column": 0 },
        "end": { "line": 216, "column": 63 }
      },
      "216": {
        "start": { "line": 217, "column": 0 },
        "end": { "line": 217, "column": 58 }
      },
      "217": {
        "start": { "line": 218, "column": 0 },
        "end": { "line": 218, "column": 72 }
      },
      "218": {
        "start": { "line": 219, "column": 0 },
        "end": { "line": 219, "column": 67 }
      },
      "221": {
        "start": { "line": 222, "column": 0 },
        "end": { "line": 222, "column": 67 }
      },
      "222": {
        "start": { "line": 223, "column": 0 },
        "end": { "line": 223, "column": 71 }
      },
      "225": {
        "start": { "line": 226, "column": 0 },
        "end": { "line": 226, "column": 50 }
      },
      "226": {
        "start": { "line": 227, "column": 0 },
        "end": { "line": 227, "column": 46 }
      },
      "227": {
        "start": { "line": 228, "column": 0 },
        "end": { "line": 228, "column": 46 }
      },
      "228": {
        "start": { "line": 229, "column": 0 },
        "end": { "line": 229, "column": 46 }
      },
      "229": {
        "start": { "line": 230, "column": 0 },
        "end": { "line": 230, "column": 52 }
      },
      "230": {
        "start": { "line": 231, "column": 0 },
        "end": { "line": 231, "column": 46 }
      },
      "231": {
        "start": { "line": 232, "column": 0 },
        "end": { "line": 232, "column": 46 }
      },
      "232": {
        "start": { "line": 233, "column": 0 },
        "end": { "line": 233, "column": 46 }
      },
      "233": {
        "start": { "line": 234, "column": 0 },
        "end": { "line": 234, "column": 50 }
      },
      "234": {
        "start": { "line": 235, "column": 0 },
        "end": { "line": 235, "column": 50 }
      },
      "239": {
        "start": { "line": 240, "column": 0 },
        "end": { "line": 240, "column": 61 }
      },
      "242": {
        "start": { "line": 243, "column": 0 },
        "end": { "line": 243, "column": 104 }
      },
      "243": {
        "start": { "line": 244, "column": 0 },
        "end": { "line": 244, "column": 75 }
      },
      "244": {
        "start": { "line": 245, "column": 0 },
        "end": { "line": 245, "column": 84 }
      },
      "245": {
        "start": { "line": 246, "column": 0 },
        "end": { "line": 246, "column": 93 }
      },
      "248": {
        "start": { "line": 249, "column": 0 },
        "end": { "line": 249, "column": 78 }
      },
      "251": {
        "start": { "line": 252, "column": 0 },
        "end": { "line": 252, "column": 104 }
      },
      "252": {
        "start": { "line": 253, "column": 0 },
        "end": { "line": 253, "column": 60 }
      },
      "255": {
        "start": { "line": 256, "column": 0 },
        "end": { "line": 256, "column": 63 }
      },
      "256": {
        "start": { "line": 257, "column": 0 },
        "end": { "line": 257, "column": 58 }
      },
      "257": {
        "start": { "line": 258, "column": 0 },
        "end": { "line": 258, "column": 62 }
      },
      "258": {
        "start": { "line": 259, "column": 0 },
        "end": { "line": 259, "column": 6 }
      },
      "259": {
        "start": { "line": 260, "column": 0 },
        "end": { "line": 260, "column": 18 }
      },
      "260": {
        "start": { "line": 261, "column": 0 },
        "end": { "line": 261, "column": 7 }
      },
      "261": {
        "start": { "line": 262, "column": 0 },
        "end": { "line": 262, "column": 25 }
      },
      "262": {
        "start": { "line": 263, "column": 0 },
        "end": { "line": 263, "column": 61 }
      },
      "263": {
        "start": { "line": 264, "column": 0 },
        "end": { "line": 264, "column": 76 }
      },
      "264": {
        "start": { "line": 265, "column": 0 },
        "end": { "line": 265, "column": 8 }
      },
      "265": {
        "start": { "line": 266, "column": 0 },
        "end": { "line": 266, "column": 7 }
      },
      "266": {
        "start": { "line": 267, "column": 0 },
        "end": { "line": 267, "column": 24 }
      },
      "267": {
        "start": { "line": 268, "column": 0 },
        "end": { "line": 268, "column": 26 }
      },
      "268": {
        "start": { "line": 269, "column": 0 },
        "end": { "line": 269, "column": 50 }
      },
      "269": {
        "start": { "line": 270, "column": 0 },
        "end": { "line": 270, "column": 8 }
      },
      "270": {
        "start": { "line": 271, "column": 0 },
        "end": { "line": 271, "column": 7 }
      },
      "271": {
        "start": { "line": 272, "column": 0 },
        "end": { "line": 272, "column": 40 }
      },
      "272": {
        "start": { "line": 273, "column": 0 },
        "end": { "line": 273, "column": 63 }
      },
      "273": {
        "start": { "line": 274, "column": 0 },
        "end": { "line": 274, "column": 69 }
      },
      "274": {
        "start": { "line": 275, "column": 0 },
        "end": { "line": 275, "column": 8 }
      },
      "275": {
        "start": { "line": 276, "column": 0 },
        "end": { "line": 276, "column": 7 }
      },
      "276": {
        "start": { "line": 277, "column": 0 },
        "end": { "line": 277, "column": 40 }
      },
      "277": {
        "start": { "line": 278, "column": 0 },
        "end": { "line": 278, "column": 16 }
      },
      "278": {
        "start": { "line": 279, "column": 0 },
        "end": { "line": 279, "column": 29 }
      },
      "279": {
        "start": { "line": 280, "column": 0 },
        "end": { "line": 280, "column": 30 }
      },
      "280": {
        "start": { "line": 281, "column": 0 },
        "end": { "line": 281, "column": 31 }
      },
      "281": {
        "start": { "line": 282, "column": 0 },
        "end": { "line": 282, "column": 26 }
      },
      "282": {
        "start": { "line": 283, "column": 0 },
        "end": { "line": 283, "column": 10 }
      },
      "283": {
        "start": { "line": 284, "column": 0 },
        "end": { "line": 284, "column": 69 }
      },
      "284": {
        "start": { "line": 285, "column": 0 },
        "end": { "line": 285, "column": 8 }
      },
      "285": {
        "start": { "line": 286, "column": 0 },
        "end": { "line": 286, "column": 7 }
      },
      "286": {
        "start": { "line": 287, "column": 0 },
        "end": { "line": 287, "column": 36 }
      },
      "287": {
        "start": { "line": 288, "column": 0 },
        "end": { "line": 288, "column": 60 }
      },
      "288": {
        "start": { "line": 289, "column": 0 },
        "end": { "line": 289, "column": 50 }
      },
      "289": {
        "start": { "line": 290, "column": 0 },
        "end": { "line": 290, "column": 8 }
      },
      "290": {
        "start": { "line": 291, "column": 0 },
        "end": { "line": 291, "column": 7 }
      },
      "291": {
        "start": { "line": 292, "column": 0 },
        "end": { "line": 292, "column": 32 }
      },
      "292": {
        "start": { "line": 293, "column": 0 },
        "end": { "line": 293, "column": 16 }
      },
      "293": {
        "start": { "line": 294, "column": 0 },
        "end": { "line": 294, "column": 35 }
      },
      "294": {
        "start": { "line": 295, "column": 0 },
        "end": { "line": 295, "column": 38 }
      },
      "295": {
        "start": { "line": 296, "column": 0 },
        "end": { "line": 296, "column": 33 }
      },
      "296": {
        "start": { "line": 297, "column": 0 },
        "end": { "line": 297, "column": 36 }
      },
      "297": {
        "start": { "line": 298, "column": 0 },
        "end": { "line": 298, "column": 10 }
      },
      "298": {
        "start": { "line": 299, "column": 0 },
        "end": { "line": 299, "column": 50 }
      },
      "299": {
        "start": { "line": 300, "column": 0 },
        "end": { "line": 300, "column": 8 }
      },
      "300": {
        "start": { "line": 301, "column": 0 },
        "end": { "line": 301, "column": 7 }
      },
      "301": {
        "start": { "line": 302, "column": 0 },
        "end": { "line": 302, "column": 44 }
      },
      "302": {
        "start": { "line": 303, "column": 0 },
        "end": { "line": 303, "column": 16 }
      },
      "303": {
        "start": { "line": 304, "column": 0 },
        "end": { "line": 304, "column": 36 }
      },
      "304": {
        "start": { "line": 305, "column": 0 },
        "end": { "line": 305, "column": 39 }
      },
      "305": {
        "start": { "line": 306, "column": 0 },
        "end": { "line": 306, "column": 36 }
      },
      "306": {
        "start": { "line": 307, "column": 0 },
        "end": { "line": 307, "column": 43 }
      },
      "307": {
        "start": { "line": 308, "column": 0 },
        "end": { "line": 308, "column": 10 }
      },
      "308": {
        "start": { "line": 309, "column": 0 },
        "end": { "line": 309, "column": 50 }
      },
      "309": {
        "start": { "line": 310, "column": 0 },
        "end": { "line": 310, "column": 8 }
      },
      "310": {
        "start": { "line": 311, "column": 0 },
        "end": { "line": 311, "column": 7 }
      },
      "311": {
        "start": { "line": 312, "column": 0 },
        "end": { "line": 312, "column": 39 }
      },
      "312": {
        "start": { "line": 313, "column": 0 },
        "end": { "line": 313, "column": 28 }
      },
      "313": {
        "start": { "line": 314, "column": 0 },
        "end": { "line": 314, "column": 54 }
      },
      "314": {
        "start": { "line": 315, "column": 0 },
        "end": { "line": 315, "column": 8 }
      },
      "315": {
        "start": { "line": 316, "column": 0 },
        "end": { "line": 316, "column": 7 }
      },
      "316": {
        "start": { "line": 317, "column": 0 },
        "end": { "line": 317, "column": 36 }
      },
      "317": {
        "start": { "line": 318, "column": 0 },
        "end": { "line": 318, "column": 36 }
      },
      "318": {
        "start": { "line": 319, "column": 0 },
        "end": { "line": 319, "column": 75 }
      },
      "319": {
        "start": { "line": 320, "column": 0 },
        "end": { "line": 320, "column": 8 }
      },
      "320": {
        "start": { "line": 321, "column": 0 },
        "end": { "line": 321, "column": 7 }
      },
      "321": {
        "start": { "line": 322, "column": 0 },
        "end": { "line": 322, "column": 38 }
      },
      "322": {
        "start": { "line": 323, "column": 0 },
        "end": { "line": 323, "column": 29 }
      },
      "323": {
        "start": { "line": 324, "column": 0 },
        "end": { "line": 324, "column": 55 }
      },
      "324": {
        "start": { "line": 325, "column": 0 },
        "end": { "line": 325, "column": 8 }
      },
      "325": {
        "start": { "line": 326, "column": 0 },
        "end": { "line": 326, "column": 7 }
      },
      "326": {
        "start": { "line": 327, "column": 0 },
        "end": { "line": 327, "column": 40 }
      },
      "327": {
        "start": { "line": 328, "column": 0 },
        "end": { "line": 328, "column": 16 }
      },
      "328": {
        "start": { "line": 329, "column": 0 },
        "end": { "line": 329, "column": 33 }
      },
      "329": {
        "start": { "line": 330, "column": 0 },
        "end": { "line": 330, "column": 38 }
      },
      "330": {
        "start": { "line": 331, "column": 0 },
        "end": { "line": 331, "column": 44 }
      },
      "331": {
        "start": { "line": 332, "column": 0 },
        "end": { "line": 332, "column": 10 }
      },
      "332": {
        "start": { "line": 333, "column": 0 },
        "end": { "line": 333, "column": 54 }
      },
      "333": {
        "start": { "line": 334, "column": 0 },
        "end": { "line": 334, "column": 8 }
      },
      "334": {
        "start": { "line": 335, "column": 0 },
        "end": { "line": 335, "column": 7 }
      },
      "335": {
        "start": { "line": 336, "column": 0 },
        "end": { "line": 336, "column": 24 }
      },
      "336": {
        "start": { "line": 337, "column": 0 },
        "end": { "line": 337, "column": 36 }
      },
      "337": {
        "start": { "line": 338, "column": 0 },
        "end": { "line": 338, "column": 50 }
      },
      "338": {
        "start": { "line": 339, "column": 0 },
        "end": { "line": 339, "column": 8 }
      },
      "339": {
        "start": { "line": 340, "column": 0 },
        "end": { "line": 340, "column": 7 }
      },
      "340": {
        "start": { "line": 341, "column": 0 },
        "end": { "line": 341, "column": 26 }
      },
      "341": {
        "start": { "line": 342, "column": 0 },
        "end": { "line": 342, "column": 36 }
      },
      "342": {
        "start": { "line": 343, "column": 0 },
        "end": { "line": 343, "column": 56 }
      },
      "343": {
        "start": { "line": 344, "column": 0 },
        "end": { "line": 344, "column": 8 }
      },
      "344": {
        "start": { "line": 345, "column": 0 },
        "end": { "line": 345, "column": 7 }
      },
      "345": {
        "start": { "line": 346, "column": 0 },
        "end": { "line": 346, "column": 22 }
      },
      "346": {
        "start": { "line": 347, "column": 0 },
        "end": { "line": 347, "column": 33 }
      },
      "347": {
        "start": { "line": 348, "column": 0 },
        "end": { "line": 348, "column": 69 }
      },
      "348": {
        "start": { "line": 349, "column": 0 },
        "end": { "line": 349, "column": 8 }
      },
      "349": {
        "start": { "line": 350, "column": 0 },
        "end": { "line": 350, "column": 7 }
      },
      "350": {
        "start": { "line": 351, "column": 0 },
        "end": { "line": 351, "column": 33 }
      },
      "351": {
        "start": { "line": 352, "column": 0 },
        "end": { "line": 352, "column": 45 }
      },
      "352": {
        "start": { "line": 353, "column": 0 },
        "end": { "line": 353, "column": 50 }
      },
      "353": {
        "start": { "line": 354, "column": 0 },
        "end": { "line": 354, "column": 8 }
      },
      "354": {
        "start": { "line": 355, "column": 0 },
        "end": { "line": 355, "column": 7 }
      },
      "355": {
        "start": { "line": 356, "column": 0 },
        "end": { "line": 356, "column": 32 }
      },
      "356": {
        "start": { "line": 357, "column": 0 },
        "end": { "line": 357, "column": 46 }
      },
      "357": {
        "start": { "line": 358, "column": 0 },
        "end": { "line": 358, "column": 50 }
      },
      "358": {
        "start": { "line": 359, "column": 0 },
        "end": { "line": 359, "column": 8 }
      },
      "359": {
        "start": { "line": 360, "column": 0 },
        "end": { "line": 360, "column": 7 }
      },
      "360": {
        "start": { "line": 361, "column": 0 },
        "end": { "line": 361, "column": 22 }
      },
      "361": {
        "start": { "line": 362, "column": 0 },
        "end": { "line": 362, "column": 36 }
      },
      "362": {
        "start": { "line": 363, "column": 0 },
        "end": { "line": 363, "column": 50 }
      },
      "363": {
        "start": { "line": 364, "column": 0 },
        "end": { "line": 364, "column": 8 }
      },
      "364": {
        "start": { "line": 365, "column": 0 },
        "end": { "line": 365, "column": 7 }
      },
      "365": {
        "start": { "line": 366, "column": 0 },
        "end": { "line": 366, "column": 27 }
      },
      "366": {
        "start": { "line": 367, "column": 0 },
        "end": { "line": 367, "column": 41 }
      },
      "367": {
        "start": { "line": 368, "column": 0 },
        "end": { "line": 368, "column": 69 }
      },
      "368": {
        "start": { "line": 369, "column": 0 },
        "end": { "line": 369, "column": 8 }
      },
      "369": {
        "start": { "line": 370, "column": 0 },
        "end": { "line": 370, "column": 7 }
      },
      "370": {
        "start": { "line": 371, "column": 0 },
        "end": { "line": 371, "column": 27 }
      },
      "371": {
        "start": { "line": 372, "column": 0 },
        "end": { "line": 372, "column": 41 }
      },
      "372": {
        "start": { "line": 373, "column": 0 },
        "end": { "line": 373, "column": 56 }
      },
      "373": {
        "start": { "line": 374, "column": 0 },
        "end": { "line": 374, "column": 8 }
      },
      "374": {
        "start": { "line": 375, "column": 0 },
        "end": { "line": 375, "column": 7 }
      },
      "375": {
        "start": { "line": 376, "column": 0 },
        "end": { "line": 376, "column": 35 }
      },
      "376": {
        "start": { "line": 377, "column": 0 },
        "end": { "line": 377, "column": 37 }
      },
      "377": {
        "start": { "line": 378, "column": 0 },
        "end": { "line": 378, "column": 50 }
      },
      "378": {
        "start": { "line": 379, "column": 0 },
        "end": { "line": 379, "column": 8 }
      },
      "379": {
        "start": { "line": 380, "column": 0 },
        "end": { "line": 380, "column": 7 }
      },
      "380": {
        "start": { "line": 381, "column": 0 },
        "end": { "line": 381, "column": 41 }
      },
      "381": {
        "start": { "line": 382, "column": 0 },
        "end": { "line": 382, "column": 16 }
      },
      "382": {
        "start": { "line": 383, "column": 0 },
        "end": { "line": 383, "column": 38 }
      },
      "383": {
        "start": { "line": 384, "column": 0 },
        "end": { "line": 384, "column": 41 }
      },
      "384": {
        "start": { "line": 385, "column": 0 },
        "end": { "line": 385, "column": 38 }
      },
      "385": {
        "start": { "line": 386, "column": 0 },
        "end": { "line": 386, "column": 39 }
      },
      "386": {
        "start": { "line": 387, "column": 0 },
        "end": { "line": 387, "column": 46 }
      },
      "387": {
        "start": { "line": 388, "column": 0 },
        "end": { "line": 388, "column": 39 }
      },
      "388": {
        "start": { "line": 389, "column": 0 },
        "end": { "line": 389, "column": 10 }
      },
      "389": {
        "start": { "line": 390, "column": 0 },
        "end": { "line": 390, "column": 56 }
      },
      "390": {
        "start": { "line": 391, "column": 0 },
        "end": { "line": 391, "column": 8 }
      },
      "391": {
        "start": { "line": 392, "column": 0 },
        "end": { "line": 392, "column": 7 }
      },
      "392": {
        "start": { "line": 393, "column": 0 },
        "end": { "line": 393, "column": 34 }
      },
      "393": {
        "start": { "line": 394, "column": 0 },
        "end": { "line": 394, "column": 35 }
      },
      "394": {
        "start": { "line": 395, "column": 0 },
        "end": { "line": 395, "column": 50 }
      },
      "395": {
        "start": { "line": 396, "column": 0 },
        "end": { "line": 396, "column": 8 }
      },
      "396": {
        "start": { "line": 397, "column": 0 },
        "end": { "line": 397, "column": 7 }
      },
      "397": {
        "start": { "line": 398, "column": 0 },
        "end": { "line": 398, "column": 40 }
      },
      "398": {
        "start": { "line": 399, "column": 0 },
        "end": { "line": 399, "column": 47 }
      },
      "399": {
        "start": { "line": 400, "column": 0 },
        "end": { "line": 400, "column": 71 }
      },
      "400": {
        "start": { "line": 401, "column": 0 },
        "end": { "line": 401, "column": 8 }
      },
      "401": {
        "start": { "line": 402, "column": 0 },
        "end": { "line": 402, "column": 7 }
      },
      "402": {
        "start": { "line": 403, "column": 0 },
        "end": { "line": 403, "column": 39 }
      },
      "403": {
        "start": { "line": 404, "column": 0 },
        "end": { "line": 404, "column": 77 }
      },
      "404": {
        "start": { "line": 405, "column": 0 },
        "end": { "line": 405, "column": 77 }
      },
      "405": {
        "start": { "line": 406, "column": 0 },
        "end": { "line": 406, "column": 8 }
      },
      "406": {
        "start": { "line": 407, "column": 0 },
        "end": { "line": 407, "column": 7 }
      },
      "407": {
        "start": { "line": 408, "column": 0 },
        "end": { "line": 408, "column": 44 }
      },
      "408": {
        "start": { "line": 409, "column": 0 },
        "end": { "line": 409, "column": 47 }
      },
      "409": {
        "start": { "line": 410, "column": 0 },
        "end": { "line": 410, "column": 19 }
      },
      "410": {
        "start": { "line": 411, "column": 0 },
        "end": { "line": 411, "column": 43 }
      },
      "411": {
        "start": { "line": 412, "column": 0 },
        "end": { "line": 412, "column": 35 }
      },
      "412": {
        "start": { "line": 413, "column": 0 },
        "end": { "line": 413, "column": 10 }
      },
      "413": {
        "start": { "line": 414, "column": 0 },
        "end": { "line": 414, "column": 8 }
      },
      "414": {
        "start": { "line": 415, "column": 0 },
        "end": { "line": 415, "column": 7 }
      },
      "415": {
        "start": { "line": 416, "column": 0 },
        "end": { "line": 416, "column": 38 }
      },
      "416": {
        "start": { "line": 417, "column": 0 },
        "end": { "line": 417, "column": 49 }
      },
      "417": {
        "start": { "line": 418, "column": 0 },
        "end": { "line": 418, "column": 79 }
      },
      "418": {
        "start": { "line": 419, "column": 0 },
        "end": { "line": 419, "column": 8 }
      },
      "419": {
        "start": { "line": 420, "column": 0 },
        "end": { "line": 420, "column": 7 }
      },
      "420": {
        "start": { "line": 421, "column": 0 },
        "end": { "line": 421, "column": 34 }
      },
      "421": {
        "start": { "line": 422, "column": 0 },
        "end": { "line": 422, "column": 35 }
      },
      "422": {
        "start": { "line": 423, "column": 0 },
        "end": { "line": 423, "column": 69 }
      },
      "423": {
        "start": { "line": 424, "column": 0 },
        "end": { "line": 424, "column": 8 }
      },
      "424": {
        "start": { "line": 425, "column": 0 },
        "end": { "line": 425, "column": 7 }
      },
      "425": {
        "start": { "line": 426, "column": 0 },
        "end": { "line": 426, "column": 30 }
      },
      "426": {
        "start": { "line": 427, "column": 0 },
        "end": { "line": 427, "column": 32 }
      },
      "427": {
        "start": { "line": 428, "column": 0 },
        "end": { "line": 428, "column": 73 }
      },
      "428": {
        "start": { "line": 429, "column": 0 },
        "end": { "line": 429, "column": 8 }
      },
      "429": {
        "start": { "line": 430, "column": 0 },
        "end": { "line": 430, "column": 7 }
      },
      "430": {
        "start": { "line": 431, "column": 0 },
        "end": { "line": 431, "column": 32 }
      },
      "431": {
        "start": { "line": 432, "column": 0 },
        "end": { "line": 432, "column": 34 }
      },
      "432": {
        "start": { "line": 433, "column": 0 },
        "end": { "line": 433, "column": 42 }
      },
      "433": {
        "start": { "line": 434, "column": 0 },
        "end": { "line": 434, "column": 8 }
      },
      "434": {
        "start": { "line": 435, "column": 0 },
        "end": { "line": 435, "column": 7 }
      },
      "435": {
        "start": { "line": 436, "column": 0 },
        "end": { "line": 436, "column": 31 }
      },
      "436": {
        "start": { "line": 437, "column": 0 },
        "end": { "line": 437, "column": 50 }
      },
      "437": {
        "start": { "line": 438, "column": 0 },
        "end": { "line": 438, "column": 74 }
      },
      "438": {
        "start": { "line": 439, "column": 0 },
        "end": { "line": 439, "column": 8 }
      },
      "439": {
        "start": { "line": 440, "column": 0 },
        "end": { "line": 440, "column": 7 }
      },
      "440": {
        "start": { "line": 441, "column": 0 },
        "end": { "line": 441, "column": 37 }
      },
      "441": {
        "start": { "line": 442, "column": 0 },
        "end": { "line": 442, "column": 16 }
      },
      "442": {
        "start": { "line": 443, "column": 0 },
        "end": { "line": 443, "column": 40 }
      },
      "443": {
        "start": { "line": 444, "column": 0 },
        "end": { "line": 444, "column": 46 }
      },
      "444": {
        "start": { "line": 445, "column": 0 },
        "end": { "line": 445, "column": 10 }
      },
      "445": {
        "start": { "line": 446, "column": 0 },
        "end": { "line": 446, "column": 50 }
      },
      "446": {
        "start": { "line": 447, "column": 0 },
        "end": { "line": 447, "column": 8 }
      },
      "447": {
        "start": { "line": 448, "column": 0 },
        "end": { "line": 448, "column": 7 }
      },
      "448": {
        "start": { "line": 449, "column": 0 },
        "end": { "line": 449, "column": 39 }
      },
      "449": {
        "start": { "line": 450, "column": 0 },
        "end": { "line": 450, "column": 41 }
      },
      "450": {
        "start": { "line": 451, "column": 0 },
        "end": { "line": 451, "column": 19 }
      },
      "451": {
        "start": { "line": 452, "column": 0 },
        "end": { "line": 452, "column": 32 }
      },
      "452": {
        "start": { "line": 453, "column": 0 },
        "end": { "line": 453, "column": 30 }
      },
      "453": {
        "start": { "line": 454, "column": 0 },
        "end": { "line": 454, "column": 10 }
      },
      "454": {
        "start": { "line": 455, "column": 0 },
        "end": { "line": 455, "column": 8 }
      },
      "455": {
        "start": { "line": 456, "column": 0 },
        "end": { "line": 456, "column": 7 }
      },
      "456": {
        "start": { "line": 457, "column": 0 },
        "end": { "line": 457, "column": 42 }
      },
      "457": {
        "start": { "line": 458, "column": 0 },
        "end": { "line": 458, "column": 49 }
      },
      "458": {
        "start": { "line": 459, "column": 0 },
        "end": { "line": 459, "column": 19 }
      },
      "459": {
        "start": { "line": 460, "column": 0 },
        "end": { "line": 460, "column": 38 }
      },
      "460": {
        "start": { "line": 461, "column": 0 },
        "end": { "line": 461, "column": 30 }
      },
      "461": {
        "start": { "line": 462, "column": 0 },
        "end": { "line": 462, "column": 10 }
      },
      "462": {
        "start": { "line": 463, "column": 0 },
        "end": { "line": 463, "column": 8 }
      },
      "463": {
        "start": { "line": 464, "column": 0 },
        "end": { "line": 464, "column": 6 }
      },
      "464": {
        "start": { "line": 465, "column": 0 },
        "end": { "line": 465, "column": 4 }
      },
      "465": {
        "start": { "line": 466, "column": 0 },
        "end": { "line": 466, "column": 15 }
      },
      "466": {
        "start": { "line": 467, "column": 0 },
        "end": { "line": 467, "column": 1 }
      }
    },
    "s": {
      "26": 1,
      "27": 15,
      "28": 15,
      "29": 15,
      "30": 15,
      "31": 15,
      "33": 15,
      "34": 15,
      "35": 15,
      "36": 15,
      "38": 15,
      "39": 15,
      "40": 15,
      "41": 15,
      "42": 15,
      "43": 15,
      "44": 15,
      "45": 15,
      "46": 15,
      "47": 15,
      "48": 15,
      "49": 15,
      "50": 15,
      "51": 15,
      "52": 15,
      "53": 15,
      "54": 15,
      "55": 15,
      "56": 15,
      "57": 15,
      "60": 15,
      "61": 15,
      "62": 15,
      "63": 15,
      "64": 15,
      "65": 15,
      "66": 15,
      "69": 15,
      "70": 15,
      "71": 15,
      "72": 15,
      "73": 15,
      "74": 15,
      "75": 15,
      "78": 15,
      "79": 15,
      "80": 15,
      "81": 15,
      "82": 15,
      "83": 15,
      "84": 15,
      "85": 15,
      "86": 15,
      "89": 15,
      "90": 15,
      "91": 15,
      "92": 15,
      "93": 15,
      "94": 15,
      "95": 15,
      "96": 15,
      "97": 15,
      "98": 15,
      "99": 15,
      "100": 15,
      "101": 15,
      "102": 15,
      "103": 15,
      "106": 15,
      "107": 15,
      "108": 15,
      "109": 15,
      "110": 15,
      "111": 15,
      "112": 15,
      "113": 15,
      "114": 15,
      "115": 15,
      "116": 15,
      "117": 15,
      "118": 15,
[...]
      },
      "214": {
        "start": { "line": 215, "column": 0 },
        "end": { "line": 215, "column": 74 }
      },
      "215": {
        "start": { "line": 216, "column": 0 },
        "end": { "line": 216, "column": 5 }
      },
      "216": {
        "start": { "line": 217, "column": 0 },
        "end": { "line": 217, "column": 3 }
      },
      "218": {
        "start": { "line": 219, "column": 0 },
        "end": { "line": 219, "column": 26 }
      },
      "219": {
        "start": { "line": 220, "column": 0 },
        "end": { "line": 220, "column": 20 }
      },
      "220": {
        "start": { "line": 221, "column": 0 },
        "end": { "line": 221, "column": 76 }
      },
      "221": {
        "start": { "line": 222, "column": 0 },
        "end": { "line": 222, "column": 6 }
      },
      "222": {
        "start": { "line": 223, "column": 0 },
        "end": { "line": 223, "column": 3 }
      },
      "223": {
        "start": { "line": 224, "column": 0 },
        "end": { "line": 224, "column": 1 }
      },
      "246": {
        "start": { "line": 247, "column": 0 },
        "end": { "line": 247, "column": 74 }
      },
      "247": {
        "start": { "line": 248, "column": 0 },
        "end": { "line": 248, "column": 56 }
      },
      "248": {
        "start": { "line": 249, "column": 0 },
        "end": { "line": 249, "column": 30 }
      },
      "249": {
        "start": { "line": 250, "column": 0 },
        "end": { "line": 250, "column": 20 }
      },
      "250": {
        "start": { "line": 251, "column": 0 },
        "end": { "line": 251, "column": 95 }
      },
      "251": {
        "start": { "line": 252, "column": 0 },
        "end": { "line": 252, "column": 6 }
      },
      "252": {
        "start": { "line": 253, "column": 0 },
        "end": { "line": 253, "column": 3 }
      },
      "253": {
        "start": { "line": 254, "column": 0 },
        "end": { "line": 254, "column": 1 }
      },
      "273": {
        "start": { "line": 274, "column": 0 },
        "end": { "line": 274, "column": 32 }
      },
      "274": {
        "start": { "line": 275, "column": 0 },
        "end": { "line": 275, "column": 49 }
      },
      "275": {
        "start": { "line": 276, "column": 0 },
        "end": { "line": 276, "column": 21 }
      },
      "276": {
        "start": { "line": 277, "column": 0 },
        "end": { "line": 277, "column": 9 }
      },
      "277": {
        "start": { "line": 278, "column": 0 },
        "end": { "line": 278, "column": 55 }
      },
      "278": {
        "start": { "line": 279, "column": 0 },
        "end": { "line": 279, "column": 36 }
      },
      "279": {
        "start": { "line": 280, "column": 0 },
        "end": { "line": 280, "column": 22 }
      },
      "280": {
        "start": { "line": 281, "column": 0 },
        "end": { "line": 281, "column": 92 }
      },
      "281": {
        "start": { "line": 282, "column": 0 },
        "end": { "line": 282, "column": 8 }
      },
      "282": {
        "start": { "line": 283, "column": 0 },
        "end": { "line": 283, "column": 5 }
      },
      "283": {
        "start": { "line": 284, "column": 0 },
        "end": { "line": 284, "column": 53 }
      },
      "284": {
        "start": { "line": 285, "column": 0 },
        "end": { "line": 285, "column": 3 }
      },
      "285": {
        "start": { "line": 286, "column": 0 },
        "end": { "line": 286, "column": 1 }
      },
      "305": {
        "start": { "line": 306, "column": 0 },
        "end": { "line": 306, "column": 75 }
      },
      "306": {
        "start": { "line": 307, "column": 0 },
        "end": { "line": 307, "column": 54 }
      },
      "307": {
        "start": { "line": 308, "column": 0 },
        "end": { "line": 308, "column": 20 }
      },
      "308": {
        "start": { "line": 309, "column": 0 },
        "end": { "line": 309, "column": 75 }
      },
      "309": {
        "start": { "line": 310, "column": 0 },
        "end": { "line": 310, "column": 6 }
      },
      "310": {
        "start": { "line": 311, "column": 0 },
        "end": { "line": 311, "column": 3 }
      },
      "311": {
        "start": { "line": 312, "column": 0 },
        "end": { "line": 312, "column": 73 }
      },
      "312": {
        "start": { "line": 313, "column": 0 },
        "end": { "line": 313, "column": 20 }
      },
      "313": {
        "start": { "line": 314, "column": 0 },
        "end": { "line": 314, "column": 91 }
      },
      "314": {
        "start": { "line": 315, "column": 0 },
        "end": { "line": 315, "column": 6 }
      },
      "315": {
        "start": { "line": 316, "column": 0 },
        "end": { "line": 316, "column": 3 }
      },
      "316": {
        "start": { "line": 317, "column": 0 },
        "end": { "line": 317, "column": 58 }
      },
      "317": {
        "start": { "line": 318, "column": 0 },
        "end": { "line": 318, "column": 20 }
      },
      "318": {
        "start": { "line": 319, "column": 0 },
        "end": { "line": 319, "column": 70 }
      },
      "319": {
        "start": { "line": 320, "column": 0 },
        "end": { "line": 320, "column": 6 }
      },
      "320": {
        "start": { "line": 321, "column": 0 },
        "end": { "line": 321, "column": 3 }
      },
      "321": {
        "start": { "line": 322, "column": 0 },
        "end": { "line": 322, "column": 42 }
      },
      "322": {
        "start": { "line": 323, "column": 0 },
        "end": { "line": 323, "column": 20 }
      },
      "323": {
        "start": { "line": 324, "column": 0 },
        "end": { "line": 324, "column": 79 }
      },
      "324": {
        "start": { "line": 325, "column": 0 },
        "end": { "line": 325, "column": 6 }
      },
      "325": {
        "start": { "line": 326, "column": 0 },
        "end": { "line": 326, "column": 3 }
      },
      "326": {
        "start": { "line": 327, "column": 0 },
        "end": { "line": 327, "column": 1 }
      }
    },
    "s": {
      "21": 1,
      "22": 1,
      "23": 1,
      "24": 1,
      "25": 1,
      "26": 1,
      "33": 60,
      "35": 60,
      "38": 60,
      "39": 2,
      "40": 2,
      "41": 2,
      "42": 2,
      "43": 2,
      "45": 60,
      "46": 60,
      "47": 60,
      "49": 60,
      "50": 60,
      "58": 60,
      "59": 60,
      "60": 180,
      "61": 180,
      "62": 60,
      "64": 60,
      "65": 60,
      "85": 1,
      "86": 30,
      "87": 30,
      "89": 30,
      "90": 30,
      "92": 30,
      "93": 30,
      "95": 30,
      "96": 30,
      "127": 1,
      "128": 25,
      "129": 25,
      "130": 25,
      "131": 25,
      "132": 25,
      "133": 25,
      "135": 25,
      "136": 4,
      "137": 4,
      "138": 4,
      "139": 4,
      "140": 4,
      "141": 4,
      "142": 25,
      "164": 1,
      "165": 4,
      "166": 4,
      "167": 4,
      "168": 4,
      "174": 4,
      "175": 4,
      "176": 4,
      "177": 4,
      "178": 4,
      "179": 4,
      "180": 4,
      "181": 4,
      "182": 4,
      "183": 4,
      "184": 4,
      "185": 4,
      "186": 4,
      "187": 4,
      "188": 4,
      "189": 4,
      "190": 4,
      "191": 4,
      "192": 4,
      "193": 4,
      "194": 4,
      "195": 4,
      "196": 4,
      "197": 4,
      "198": 4,
      "199": 4,
      "200": 4,
      "201": 4,
      "202": 4,
      "203": 4,
      "204": 4,
      "205": 4,
      "207": 4,
      "208": 20,
      "209": 20,
      "210": 20,
      "211": 20,
      "212": 20,
      "213": 20,
      "214": 2,
      "215": 2,
      "216": 20,
      "218": 4,
      "219": 2,
      "220": 2,
      "221": 2,
      "222": 2,
      "223": 4,
      "246": 1,
      "247": 120,
      "248": 120,
      "249": 0,
      "250": 0,
      "251": 0,
      "252": 0,
      "253": 120,
      "273": 1,
      "274": 8,
      "275": 8,
      "276": 8,
      "277": 8,
      "278": 120,
      "279": 0,
      "280": 0,
      "281": 0,
      "282": 0,
      "283": 120,
      "284": 120,
      "285": 8,
      "305": 1,
      "306": 0,
      "307": 0,
      "308": 0,
      "309": 0,
      "310": 0,
      "311": 0,
      "312": 0,
      "313": 0,
      "314": 0,
      "315": 0,
      "316": 0,
      "317": 0,
      "318": 0,
      "319": 0,
      "320": 0,
      "321": 0,
      "322": 0,
      "323": 0,
      "324": 0,
      "325": 0,
      "326": 0
    },
    "branchMap": {
      "0": {
        "type": "branch",
        "line": 34,
        "loc": {
          "start": { "line": 34, "column": 0 },
          "end": { "line": 51, "column": 1 }
        },
        "locations": [
          {
            "start": { "line": 34, "column": 0 },
            "end": { "line": 51, "column": 1 }
          }
        ]
      },
      "1": {
        "type": "branch",
        "line": 39,
        "loc": {
          "start": { "line": 39, "column": 24 },
          "end": { "line": 44, "column": 3 }
        },
        "locations": [
          {
            "start": { "line": 39, "column": 24 },
            "end": { "line": 44, "column": 3 }
          }
        ]
      },
      "2": {
        "type": "branch",
        "line": 42,
        "loc": {
          "start": { "line": 42, "column": 11 },
          "end": { "line": 42, "column": 32 }
        },
        "locations": [
          {
            "start": { "line": 42, "column": 11 },
            "end": { "line": 42, "column": 32 }
          }
        ]
      },
      "3": {
        "type": "branch",
        "line": 59,
        "loc": {
          "start": { "line": 59, "column": 0 },
          "end": { "line": 66, "column": 1 }
        },
        "locations": [
          {
            "start": { "line": 59, "column": 0 },
            "end": { "line": 66, "column": 1 }
          }
        ]
      },
      "4": {
        "type": "branch",
        "line": 60,
        "loc": {
          "start": { "line": 60, "column": 28 },
          "end": { "line": 63, "column": 3 }
        },
        "locations": [
          {
            "start": { "line": 60, "column": 28 },
            "end": { "line": 63, "column": 3 }
          }
        ]
      },
      "5": {
        "type": "branch",
        "line": 62,
        "loc": {
          "start": { "line": 62, "column": 18 },
          "end": { "line": 62, "column": 42 }
        },
        "locations": [
          {
            "start": { "line": 62, "column": 18 },
            "end": { "line": 62, "column": 42 }
          }
        ]
      },
      "6": {
        "type": "branch",
        "line": 62,
        "loc": {
          "start": { "line": 62, "column": 34 },
          "end": { "line": 62, "column": 79 }
        },
        "locations": [
          {
            "start": { "line": 62, "column": 34 },
            "end": { "line": 62, "column": 79 }
          }
        ]
      },
      "7": {
        "type": "branch",
        "line": 86,
        "loc": {
          "start": { "line": 86, "column": 7 },
          "end": { "line": 97, "column": 1 }
        },
        "locations": [
          {
            "start": { "line": 86, "column": 7 },
            "end": { "line": 97, "column": 1 }
          }
        ]
      },
      "8": {
        "type": "branch",
        "line": 128,
        "loc": {
          "start": { "line": 128, "column": 7 },
          "end": { "line": 143, "column": 1 }
        },
        "locations": [
          {
            "start": { "line": 128, "column": 7 },
            "end": { "line": 143, "column": 1 }
          }
        ]
      },
      "9": {
        "type": "branch",
        "line": 136,
        "loc": {
          "start": { "line": 136, "column": 24 },
          "end": { "line": 142, "column": 3 }
        },
        "locations": [
          {
            "start": { "line": 136, "column": 24 },
            "end": { "line": 142, "column": 3 }
          }
        ]
      },
      "10": {
        "type": "branch",
        "line": 137,
        "loc": {
          "start": { "line": 137, "column": 19 },
          "end": { "line": 137, "column": 45 }
        },
        "locations": [
          {
            "start": { "line": 137, "column": 19 },
            "end": { "line": 137, "column": 45 }
          }
        ]
      },
      "11": {
        "type": "branch",
        "line": 137,
        "loc": {
          "start": { "line": 137, "column": 31 },
          "end": { "line": 137, "column": 58 }
        },
        "locations": [
          {
            "start": { "line": 137, "column": 31 },
            "end": { "line": 137, "column": 58 }
          }
        ]
      },
      "12": {
        "type": "branch",
        "line": 138,
        "loc": {
          "start": { "line": 138, "column": 19 },
          "end": { "line": 138, "column": 45 }
        },
        "locations": [
          {
            "start": { "line": 138, "column": 19 },
            "end": { "line": 138, "column": 45 }
          }
        ]
      },
      "13": {
        "type": "branch",
        "line": 138,
        "loc": {
          "start": { "line": 138, "column": 31 },
          "end": { "line": 138, "column": 58 }
        },
        "locations": [
          {
            "start": { "line": 138, "column": 31 },
            "end": { "line": 138, "column": 58 }
          }
        ]
      },
      "14": {
        "type": "branch",
        "line": 165,
        "loc": {
          "start": { "line": 165, "column": 7 },
          "end": { "line": 224, "column": 1 }
        },
        "locations": [
          {
            "start": { "line": 165, "column": 7 },
            "end": { "line": 224, "column": 1 }
          }
        ]
      },
      "15": {
        "type": "branch",
        "line": 208,
        "loc": {
          "start": { "line": 208, "column": 36 },
          "end": { "line": 217, "column": 3 }
        },
        "locations": [
          {
            "start": { "line": 208, "column": 36 },
            "end": { "line": 217, "column": 3 }
          }
        ]
      },
      "16": {
        "type": "branch",
        "line": 214,
        "loc": {
          "start": { "line": 214, "column": 4 },
          "end": { "line": 216, "column": 5 }
        },
        "locations": [
          {
            "start": { "line": 214, "column": 4 },
            "end": { "line": 216, "column": 5 }
          }
        ]
      },
      "17": {
        "type": "branch",
        "line": 215,
        "loc": {
          "start": { "line": 215, "column": 49 },
          "end": { "line": 215, "column": 72 }
        },
        "locations": [
          {
            "start": { "line": 215, "column": 49 },
            "end": { "line": 215, "column": 72 }
          }
        ]
      },
      "18": {
        "type": "branch",
        "line": 219,
        "loc": {
          "start": { "line": 219, "column": 25 },
          "end": { "line": 223, "column": 3 }
        },
        "locations": [
          {
            "start": { "line": 219, "column": 25 },
            "end": { "line": 223, "column": 3 }
          }
        ]
      },
      "19": {
        "type": "branch",
        "line": 247,
        "loc": {
          "start": { "line": 247, "column": 7 },
          "end": { "line": 254, "column": 1 }
        },
        "locations": [
          {
            "start": { "line": 247, "column": 7 },
            "end": { "line": 254, "column": 1 }
          }
        ]
      },
      "20": {
        "type": "branch",
        "line": 249,
        "loc": {
          "start": { "line": 249, "column": 29 },
          "end": { "line": 253, "column": 3 }
        },
        "locations": [
          {
            "start": { "line": 249, "column": 29 },
            "end": { "line": 253, "column": 3 }
          }
        ]
      },
      "21": {
        "type": "branch",
        "line": 274,
        "loc": {
          "start": { "line": 274, "column": 7 },
          "end": { "line": 286, "column": 1 }
        },
        "locations": [
          {
            "start": { "line": 274, "column": 7 },
            "end": { "line": 286, "column": 1 }
          }
        ]
      },
      "22": {
        "type": "branch",
        "line": 278,
        "loc": {
          "start": { "line": 278, "column": 54 },
          "end": { "line": 285, "column": 3 }
        },
        "locations": [
          {
            "start": { "line": 278, "column": 54 },
            "end": { "line": 285, "column": 3 }
          }
        ]
      },
      "23": {
        "type": "branch",
        "line": 279,
        "loc": {
          "start": { "line": 279, "column": 35 },
          "end": { "line": 283, "column": 5 }
        },
        "locations": [
          {
            "start": { "line": 279, "column": 35 },
            "end": { "line": 283, "column": 5 }
          }
        ]
      }
    },
    "b": {
      "0": [60],
      "1": [2],
      "2": [6],
      "3": [60],
      "4": [180],
      "5": [19],
      "6": [161],
      "7": [30],
      "8": [25],
      "9": [4],
      "10": [3],
      "11": [1],
      "12": [3],
      "13": [1],
      "14": [4],
      "15": [20],
      "16": [2],
      "17": [0],
      "18": [2],
      "19": [120],
      "20": [0],
      "21": [8],
      "22": [120],
      "23": [0]
    },
    "fnMap": {
      "0": {
        "name": "hexToRgb",
        "decl": {
          "start": { "line": 34, "column": 0 },
          "end": { "line": 51, "column": 1 }
        },
        "loc": {
          "start": { "line": 34, "column": 0 },
          "end": { "line": 51, "column": 1 }
        },
        "line": 34
      },
      "1": {
        "name": "getRelativeLuminance",
        "decl": {
          "start": { "line": 59, "column": 0 },
          "end": { "line": 66, "column": 1 }
        },
        "loc": {
          "start": { "line": 59, "column": 0 },
          "end": { "line": 66, "column": 1 }
        },
        "line": 59
      },
      "2": {
        "name": "getContrastRatio",
        "decl": {
          "start": { "line": 86, "column": 7 },
          "end": { "line": 97, "column": 1 }
        },
        "loc": {
          "start": { "line": 86, "column": 7 },
          "end": { "line": 97, "column": 1 }
        },
        "line": 86
      },
      "3": {
        "name": "validateContrast",
        "decl": {
          "start": { "line": 128, "column": 7 },
          "end": { "line": 143, "column": 1 }
        },
        "loc": {
          "start": { "line": 128, "column": 7 },
          "end": { "line": 143, "column": 1 }
        },
        "line": 128
      },
      "4": {
        "name": "validatePaletteContrast",
        "decl": {
          "start": { "line": 165, "column": 7 },
          "end": { "line": 224, "column": 1 }
        },
        "loc": {
          "start": { "line": 165, "column": 7 },
          "end": { "line": 224, "column": 1 }
        },
        "line": 165
      },
      "5": {
        "name": "validateHexColor",
        "decl": {
          "start": { "line": 247, "column": 7 },
          "end": { "line": 254, "column": 1 }
        },
        "loc": {
          "start": { "line": 247, "column": 7 },
          "end": { "line": 254, "column": 1 }
        },
        "line": 247
      },
      "6": {
        "name": "validatePalette",
        "decl": {
          "start": { "line": 274, "column": 7 },
          "end": { "line": 286, "column": 1 }
        },
        "loc": {
          "start": { "line": 274, "column": 7 },
          "end": { "line": 286, "column": 1 }
        },
        "line": 274
      },
      "7": {
        "name": "validateTheme",
        "decl": {
          "start": { "line": 306, "column": 7 },
          "end": { "line": 327, "column": 1 }
        },
        "loc": {
          "start": { "line": 306, "column": 7 },
          "end": { "line": 327, "column": 1 }
        },
        "line": 306
      }
    },
    "f": {
      "0": 60,
      "1": 60,
      "2": 30,
      "3": 25,
      "4": 4,
      "5": 120,
      "6": 8,
      "7": 0
    }
  }
}
